Determining if the pthread_create exist failed with the following output:
Change Dir: /home/fayo98/aam_driverless-ai/build/octomap_ros/CMakeFiles/CMakeTmp

Run Build Command:"/usr/bin/make" "cmTC_943f0/fast"
/usr/bin/make -f CMakeFiles/cmTC_943f0.dir/build.make CMakeFiles/cmTC_943f0.dir/build
make[1]: Entering directory '/home/fayo98/aam_driverless-ai/build/octomap_ros/CMakeFiles/CMakeTmp'
Building C object CMakeFiles/cmTC_943f0.dir/CheckSymbolExists.c.o
/usr/bin/cc     -o CMakeFiles/cmTC_943f0.dir/CheckSymbolExists.c.o   -c /home/fayo98/aam_driverless-ai/build/octomap_ros/CMakeFiles/CMakeTmp/CheckSymbolExists.c
Linking C executable cmTC_943f0
/usr/bin/cmake -E cmake_link_script CMakeFiles/cmTC_943f0.dir/link.txt --verbose=1
/usr/bin/cc       CMakeFiles/cmTC_943f0.dir/CheckSymbolExists.c.o  -o cmTC_943f0 -rdynamic 
CMakeFiles/cmTC_943f0.dir/CheckSymbolExists.c.o: In function `main':
CheckSymbolExists.c:(.text+0x16): undefined reference to `pthread_create'
collect2: error: ld returned 1 exit status
CMakeFiles/cmTC_943f0.dir/build.make:97: recipe for target 'cmTC_943f0' failed
make[1]: *** [cmTC_943f0] Error 1
make[1]: Leaving directory '/home/fayo98/aam_driverless-ai/build/octomap_ros/CMakeFiles/CMakeTmp'
Makefile:126: recipe for target 'cmTC_943f0/fast' failed
make: *** [cmTC_943f0/fast] Error 2

File /home/fayo98/aam_driverless-ai/build/octomap_ros/CMakeFiles/CMakeTmp/CheckSymbolExists.c:
/* */
#include <pthread.h>

int main(int argc, char** argv)
{
  (void)argv;
#ifndef pthread_create
  return ((int*)(&pthread_create))[argc];
#else
  (void)argc;
  return 0;
#endif
}

Determining if the function pthread_create exists in the pthreads failed with the following output:
Change Dir: /home/fayo98/aam_driverless-ai/build/octomap_ros/CMakeFiles/CMakeTmp

Run Build Command:"/usr/bin/make" "cmTC_ebf9f/fast"
/usr/bin/make -f CMakeFiles/cmTC_ebf9f.dir/build.make CMakeFiles/cmTC_ebf9f.dir/build
make[1]: Entering directory '/home/fayo98/aam_driverless-ai/build/octomap_ros/CMakeFiles/CMakeTmp'
Building C object CMakeFiles/cmTC_ebf9f.dir/CheckFunctionExists.c.o
/usr/bin/cc    -DCHECK_FUNCTION_EXISTS=pthread_create   -o CMakeFiles/cmTC_ebf9f.dir/CheckFunctionExists.c.o   -c /usr/share/cmake-3.5/Modules/CheckFunctionExists.c
Linking C executable cmTC_ebf9f
/usr/bin/cmake -E cmake_link_script CMakeFiles/cmTC_ebf9f.dir/link.txt --verbose=1
/usr/bin/cc   -DCHECK_FUNCTION_EXISTS=pthread_create    CMakeFiles/cmTC_ebf9f.dir/CheckFunctionExists.c.o  -o cmTC_ebf9f -rdynamic -lpthreads 
/usr/bin/ld: cannot find -lpthreads
collect2: error: ld returned 1 exit status
CMakeFiles/cmTC_ebf9f.dir/build.make:97: recipe for target 'cmTC_ebf9f' failed
make[1]: *** [cmTC_ebf9f] Error 1
make[1]: Leaving directory '/home/fayo98/aam_driverless-ai/build/octomap_ros/CMakeFiles/CMakeTmp'
Makefile:126: recipe for target 'cmTC_ebf9f/fast' failed
make: *** [cmTC_ebf9f/fast] Error 2


