Determining if the pthread_create exist failed with the following output:
Change Dir: /home/fayoumi/aam_carto_ws/build/cartographer_ros_msgs/CMakeFiles/CMakeTmp

Run Build Command:"/usr/bin/make" "cmTC_8cd14/fast"
/usr/bin/make -f CMakeFiles/cmTC_8cd14.dir/build.make CMakeFiles/cmTC_8cd14.dir/build
make[1]: Entering directory '/home/fayoumi/aam_carto_ws/build/cartographer_ros_msgs/CMakeFiles/CMakeTmp'
Building C object CMakeFiles/cmTC_8cd14.dir/CheckSymbolExists.c.o
/usr/bin/cc     -o CMakeFiles/cmTC_8cd14.dir/CheckSymbolExists.c.o   -c /home/fayoumi/aam_carto_ws/build/cartographer_ros_msgs/CMakeFiles/CMakeTmp/CheckSymbolExists.c
Linking C executable cmTC_8cd14
/usr/bin/cmake -E cmake_link_script CMakeFiles/cmTC_8cd14.dir/link.txt --verbose=1
/usr/bin/cc       CMakeFiles/cmTC_8cd14.dir/CheckSymbolExists.c.o  -o cmTC_8cd14 -rdynamic 
CMakeFiles/cmTC_8cd14.dir/CheckSymbolExists.c.o: In function `main':
CheckSymbolExists.c:(.text+0x16): undefined reference to `pthread_create'
collect2: error: ld returned 1 exit status
CMakeFiles/cmTC_8cd14.dir/build.make:97: recipe for target 'cmTC_8cd14' failed
make[1]: *** [cmTC_8cd14] Error 1
make[1]: Leaving directory '/home/fayoumi/aam_carto_ws/build/cartographer_ros_msgs/CMakeFiles/CMakeTmp'
Makefile:126: recipe for target 'cmTC_8cd14/fast' failed
make: *** [cmTC_8cd14/fast] Error 2

File /home/fayoumi/aam_carto_ws/build/cartographer_ros_msgs/CMakeFiles/CMakeTmp/CheckSymbolExists.c:
/* */
#include <pthread.h>

int main(int argc, char** argv)
{
  (void)argv;
#ifndef pthread_create
  return ((int*)(&pthread_create))[argc];
#else
  (void)argc;
  return 0;
#endif
}

Determining if the function pthread_create exists in the pthreads failed with the following output:
Change Dir: /home/fayoumi/aam_carto_ws/build/cartographer_ros_msgs/CMakeFiles/CMakeTmp

Run Build Command:"/usr/bin/make" "cmTC_9928d/fast"
/usr/bin/make -f CMakeFiles/cmTC_9928d.dir/build.make CMakeFiles/cmTC_9928d.dir/build
make[1]: Entering directory '/home/fayoumi/aam_carto_ws/build/cartographer_ros_msgs/CMakeFiles/CMakeTmp'
Building C object CMakeFiles/cmTC_9928d.dir/CheckFunctionExists.c.o
/usr/bin/cc    -DCHECK_FUNCTION_EXISTS=pthread_create   -o CMakeFiles/cmTC_9928d.dir/CheckFunctionExists.c.o   -c /usr/share/cmake-3.5/Modules/CheckFunctionExists.c
Linking C executable cmTC_9928d
/usr/bin/cmake -E cmake_link_script CMakeFiles/cmTC_9928d.dir/link.txt --verbose=1
/usr/bin/cc   -DCHECK_FUNCTION_EXISTS=pthread_create    CMakeFiles/cmTC_9928d.dir/CheckFunctionExists.c.o  -o cmTC_9928d -rdynamic -lpthreads 
/usr/bin/ld: cannot find -lpthreads
collect2: error: ld returned 1 exit status
CMakeFiles/cmTC_9928d.dir/build.make:97: recipe for target 'cmTC_9928d' failed
make[1]: *** [cmTC_9928d] Error 1
make[1]: Leaving directory '/home/fayoumi/aam_carto_ws/build/cartographer_ros_msgs/CMakeFiles/CMakeTmp'
Makefile:126: recipe for target 'cmTC_9928d/fast' failed
make: *** [cmTC_9928d/fast] Error 2


