Determining if the pthread_create exist failed with the following output:
Change Dir: /home/fayoumi/aam_carto_ws/build/teleop_twist_keyboard_cpp/CMakeFiles/CMakeTmp

Run Build Command:"/usr/bin/make" "cmTC_8b48a/fast"
/usr/bin/make -f CMakeFiles/cmTC_8b48a.dir/build.make CMakeFiles/cmTC_8b48a.dir/build
make[1]: Entering directory '/home/fayoumi/aam_carto_ws/build/teleop_twist_keyboard_cpp/CMakeFiles/CMakeTmp'
Building C object CMakeFiles/cmTC_8b48a.dir/CheckSymbolExists.c.o
/usr/bin/cc     -o CMakeFiles/cmTC_8b48a.dir/CheckSymbolExists.c.o   -c /home/fayoumi/aam_carto_ws/build/teleop_twist_keyboard_cpp/CMakeFiles/CMakeTmp/CheckSymbolExists.c
Linking C executable cmTC_8b48a
/usr/bin/cmake -E cmake_link_script CMakeFiles/cmTC_8b48a.dir/link.txt --verbose=1
/usr/bin/cc       CMakeFiles/cmTC_8b48a.dir/CheckSymbolExists.c.o  -o cmTC_8b48a -rdynamic 
CMakeFiles/cmTC_8b48a.dir/CheckSymbolExists.c.o: In function `main':
CheckSymbolExists.c:(.text+0x16): undefined reference to `pthread_create'
collect2: error: ld returned 1 exit status
CMakeFiles/cmTC_8b48a.dir/build.make:97: recipe for target 'cmTC_8b48a' failed
make[1]: *** [cmTC_8b48a] Error 1
make[1]: Leaving directory '/home/fayoumi/aam_carto_ws/build/teleop_twist_keyboard_cpp/CMakeFiles/CMakeTmp'
Makefile:126: recipe for target 'cmTC_8b48a/fast' failed
make: *** [cmTC_8b48a/fast] Error 2

File /home/fayoumi/aam_carto_ws/build/teleop_twist_keyboard_cpp/CMakeFiles/CMakeTmp/CheckSymbolExists.c:
/* */
#include <pthread.h>

int main(int argc, char** argv)
{
  (void)argv;
#ifndef pthread_create
  return ((int*)(&pthread_create))[argc];
#else
  (void)argc;
  return 0;
#endif
}

Determining if the function pthread_create exists in the pthreads failed with the following output:
Change Dir: /home/fayoumi/aam_carto_ws/build/teleop_twist_keyboard_cpp/CMakeFiles/CMakeTmp

Run Build Command:"/usr/bin/make" "cmTC_81b63/fast"
/usr/bin/make -f CMakeFiles/cmTC_81b63.dir/build.make CMakeFiles/cmTC_81b63.dir/build
make[1]: Entering directory '/home/fayoumi/aam_carto_ws/build/teleop_twist_keyboard_cpp/CMakeFiles/CMakeTmp'
Building C object CMakeFiles/cmTC_81b63.dir/CheckFunctionExists.c.o
/usr/bin/cc    -DCHECK_FUNCTION_EXISTS=pthread_create   -o CMakeFiles/cmTC_81b63.dir/CheckFunctionExists.c.o   -c /usr/share/cmake-3.5/Modules/CheckFunctionExists.c
Linking C executable cmTC_81b63
/usr/bin/cmake -E cmake_link_script CMakeFiles/cmTC_81b63.dir/link.txt --verbose=1
/usr/bin/cc   -DCHECK_FUNCTION_EXISTS=pthread_create    CMakeFiles/cmTC_81b63.dir/CheckFunctionExists.c.o  -o cmTC_81b63 -rdynamic -lpthreads 
/usr/bin/ld: cannot find -lpthreads
collect2: error: ld returned 1 exit status
CMakeFiles/cmTC_81b63.dir/build.make:97: recipe for target 'cmTC_81b63' failed
make[1]: *** [cmTC_81b63] Error 1
make[1]: Leaving directory '/home/fayoumi/aam_carto_ws/build/teleop_twist_keyboard_cpp/CMakeFiles/CMakeTmp'
Makefile:126: recipe for target 'cmTC_81b63/fast' failed
make: *** [cmTC_81b63/fast] Error 2


