Determining if the pthread_create exist failed with the following output:
Change Dir: /home/fayoumi/aam_carto_ws/build/orb_slam2_ros/CMakeFiles/CMakeTmp

Run Build Command:"/usr/bin/make" "cmTC_9d3ba/fast"
/usr/bin/make -f CMakeFiles/cmTC_9d3ba.dir/build.make CMakeFiles/cmTC_9d3ba.dir/build
make[1]: Entering directory '/home/fayoumi/aam_carto_ws/build/orb_slam2_ros/CMakeFiles/CMakeTmp'
Building C object CMakeFiles/cmTC_9d3ba.dir/CheckSymbolExists.c.o
/usr/bin/cc    -Wall  -O3 -march=native     -o CMakeFiles/cmTC_9d3ba.dir/CheckSymbolExists.c.o   -c /home/fayoumi/aam_carto_ws/build/orb_slam2_ros/CMakeFiles/CMakeTmp/CheckSymbolExists.c
Linking C executable cmTC_9d3ba
/usr/bin/cmake -E cmake_link_script CMakeFiles/cmTC_9d3ba.dir/link.txt --verbose=1
/usr/bin/cc    -Wall  -O3 -march=native      CMakeFiles/cmTC_9d3ba.dir/CheckSymbolExists.c.o  -o cmTC_9d3ba -rdynamic 
CMakeFiles/cmTC_9d3ba.dir/CheckSymbolExists.c.o: In function `main':
CheckSymbolExists.c:(.text.startup+0x6): undefined reference to `pthread_create'
collect2: error: ld returned 1 exit status
CMakeFiles/cmTC_9d3ba.dir/build.make:97: recipe for target 'cmTC_9d3ba' failed
make[1]: *** [cmTC_9d3ba] Error 1
make[1]: Leaving directory '/home/fayoumi/aam_carto_ws/build/orb_slam2_ros/CMakeFiles/CMakeTmp'
Makefile:126: recipe for target 'cmTC_9d3ba/fast' failed
make: *** [cmTC_9d3ba/fast] Error 2

File /home/fayoumi/aam_carto_ws/build/orb_slam2_ros/CMakeFiles/CMakeTmp/CheckSymbolExists.c:
/* */
#include <pthread.h>

int main(int argc, char** argv)
{
  (void)argv;
#ifndef pthread_create
  return ((int*)(&pthread_create))[argc];
#else
  (void)argc;
  return 0;
#endif
}

Determining if the function pthread_create exists in the pthreads failed with the following output:
Change Dir: /home/fayoumi/aam_carto_ws/build/orb_slam2_ros/CMakeFiles/CMakeTmp

Run Build Command:"/usr/bin/make" "cmTC_4c1cf/fast"
/usr/bin/make -f CMakeFiles/cmTC_4c1cf.dir/build.make CMakeFiles/cmTC_4c1cf.dir/build
make[1]: Entering directory '/home/fayoumi/aam_carto_ws/build/orb_slam2_ros/CMakeFiles/CMakeTmp'
Building C object CMakeFiles/cmTC_4c1cf.dir/CheckFunctionExists.c.o
/usr/bin/cc    -Wall  -O3 -march=native  -DCHECK_FUNCTION_EXISTS=pthread_create   -o CMakeFiles/cmTC_4c1cf.dir/CheckFunctionExists.c.o   -c /usr/share/cmake-3.5/Modules/CheckFunctionExists.c
Linking C executable cmTC_4c1cf
/usr/bin/cmake -E cmake_link_script CMakeFiles/cmTC_4c1cf.dir/link.txt --verbose=1
/usr/bin/cc    -Wall  -O3 -march=native  -DCHECK_FUNCTION_EXISTS=pthread_create    CMakeFiles/cmTC_4c1cf.dir/CheckFunctionExists.c.o  -o cmTC_4c1cf -rdynamic -lpthreads 
/usr/bin/ld: cannot find -lpthreads
collect2: error: ld returned 1 exit status
CMakeFiles/cmTC_4c1cf.dir/build.make:97: recipe for target 'cmTC_4c1cf' failed
make[1]: *** [cmTC_4c1cf] Error 1
make[1]: Leaving directory '/home/fayoumi/aam_carto_ws/build/orb_slam2_ros/CMakeFiles/CMakeTmp'
Makefile:126: recipe for target 'cmTC_4c1cf/fast' failed
make: *** [cmTC_4c1cf/fast] Error 2


