Determining if the pthread_create exist failed with the following output:
Change Dir: /home/fayoumi/aam_carto_ws/build/orb_slam2_lib/CMakeFiles/CMakeTmp

Run Build Command:"/usr/bin/make" "cmTC_4d5b6/fast"
/usr/bin/make -f CMakeFiles/cmTC_4d5b6.dir/build.make CMakeFiles/cmTC_4d5b6.dir/build
make[1]: Entering directory '/home/fayoumi/aam_carto_ws/build/orb_slam2_lib/CMakeFiles/CMakeTmp'
Building C object CMakeFiles/cmTC_4d5b6.dir/CheckSymbolExists.c.o
/usr/bin/cc    -Wall  -O3 -march=native     -o CMakeFiles/cmTC_4d5b6.dir/CheckSymbolExists.c.o   -c /home/fayoumi/aam_carto_ws/build/orb_slam2_lib/CMakeFiles/CMakeTmp/CheckSymbolExists.c
Linking C executable cmTC_4d5b6
/usr/bin/cmake -E cmake_link_script CMakeFiles/cmTC_4d5b6.dir/link.txt --verbose=1
/usr/bin/cc    -Wall  -O3 -march=native      CMakeFiles/cmTC_4d5b6.dir/CheckSymbolExists.c.o  -o cmTC_4d5b6 -rdynamic 
CMakeFiles/cmTC_4d5b6.dir/CheckSymbolExists.c.o: In function `main':
CheckSymbolExists.c:(.text.startup+0x6): undefined reference to `pthread_create'
collect2: error: ld returned 1 exit status
CMakeFiles/cmTC_4d5b6.dir/build.make:97: recipe for target 'cmTC_4d5b6' failed
make[1]: *** [cmTC_4d5b6] Error 1
make[1]: Leaving directory '/home/fayoumi/aam_carto_ws/build/orb_slam2_lib/CMakeFiles/CMakeTmp'
Makefile:126: recipe for target 'cmTC_4d5b6/fast' failed
make: *** [cmTC_4d5b6/fast] Error 2

File /home/fayoumi/aam_carto_ws/build/orb_slam2_lib/CMakeFiles/CMakeTmp/CheckSymbolExists.c:
/* */
#include <pthread.h>

int main(int argc, char** argv)
{
  (void)argv;
#ifndef pthread_create
  return ((int*)(&pthread_create))[argc];
#else
  (void)argc;
  return 0;
#endif
}

Determining if the function pthread_create exists in the pthreads failed with the following output:
Change Dir: /home/fayoumi/aam_carto_ws/build/orb_slam2_lib/CMakeFiles/CMakeTmp

Run Build Command:"/usr/bin/make" "cmTC_ee80d/fast"
/usr/bin/make -f CMakeFiles/cmTC_ee80d.dir/build.make CMakeFiles/cmTC_ee80d.dir/build
make[1]: Entering directory '/home/fayoumi/aam_carto_ws/build/orb_slam2_lib/CMakeFiles/CMakeTmp'
Building C object CMakeFiles/cmTC_ee80d.dir/CheckFunctionExists.c.o
/usr/bin/cc    -Wall  -O3 -march=native  -DCHECK_FUNCTION_EXISTS=pthread_create   -o CMakeFiles/cmTC_ee80d.dir/CheckFunctionExists.c.o   -c /usr/share/cmake-3.5/Modules/CheckFunctionExists.c
Linking C executable cmTC_ee80d
/usr/bin/cmake -E cmake_link_script CMakeFiles/cmTC_ee80d.dir/link.txt --verbose=1
/usr/bin/cc    -Wall  -O3 -march=native  -DCHECK_FUNCTION_EXISTS=pthread_create    CMakeFiles/cmTC_ee80d.dir/CheckFunctionExists.c.o  -o cmTC_ee80d -rdynamic -lpthreads 
/usr/bin/ld: cannot find -lpthreads
collect2: error: ld returned 1 exit status
CMakeFiles/cmTC_ee80d.dir/build.make:97: recipe for target 'cmTC_ee80d' failed
make[1]: *** [cmTC_ee80d] Error 1
make[1]: Leaving directory '/home/fayoumi/aam_carto_ws/build/orb_slam2_lib/CMakeFiles/CMakeTmp'
Makefile:126: recipe for target 'cmTC_ee80d/fast' failed
make: *** [cmTC_ee80d/fast] Error 2


