[35m[1mScanning dependencies of target _orb_slam2_ros_generate_messages_check_deps_ORBState[0m
[  0%] Built target _orb_slam2_ros_generate_messages_check_deps_ORBState
[35m[1mScanning dependencies of target std_msgs_generate_messages_cpp[0m
[  0%] Built target std_msgs_generate_messages_cpp
[35m[1mScanning dependencies of target std_msgs_generate_messages_nodejs[0m
[  0%] Built target std_msgs_generate_messages_nodejs
[35m[1mScanning dependencies of target std_msgs_generate_messages_py[0m
[  0%] Built target std_msgs_generate_messages_py
[35m[1mScanning dependencies of target std_msgs_generate_messages_eus[0m
[  0%] Built target std_msgs_generate_messages_eus
[35m[1mScanning dependencies of target std_msgs_generate_messages_lisp[0m
[  0%] Built target std_msgs_generate_messages_lisp
[35m[1mScanning dependencies of target orb_slam2_ros_generate_messages_cpp[0m
[  6%] [34m[1mGenerating C++ code from orb_slam2_ros/ORBState.msg[0m
[  6%] Built target orb_slam2_ros_generate_messages_cpp
[35m[1mScanning dependencies of target orb_slam2_ros_generate_messages_nodejs[0m
[ 12%] [34m[1mGenerating Javascript code from orb_slam2_ros/ORBState.msg[0m
[ 12%] Built target orb_slam2_ros_generate_messages_nodejs
[35m[1mScanning dependencies of target orb_slam2_ros_generate_messages_py[0m
[ 18%] [34m[1mGenerating Python from MSG orb_slam2_ros/ORBState[0m
[ 25%] [34m[1mGenerating Python msg __init__.py for orb_slam2_ros[0m
[ 25%] Built target orb_slam2_ros_generate_messages_py
[35m[1mScanning dependencies of target orb_slam2_ros_generate_messages_eus[0m
[ 31%] [34m[1mGenerating EusLisp code from orb_slam2_ros/ORBState.msg[0m
[ 37%] [34m[1mGenerating EusLisp manifest code for orb_slam2_ros[0m
[ 37%] Built target orb_slam2_ros_generate_messages_eus
[35m[1mScanning dependencies of target orb_slam2_ros_generate_messages_lisp[0m
[ 43%] [34m[1mGenerating Lisp code from orb_slam2_ros/ORBState.msg[0m
[ 43%] Built target orb_slam2_ros_generate_messages_lisp
[35m[1mScanning dependencies of target Stereo[0m
[ 50%] [32mBuilding CXX object CMakeFiles/Stereo.dir/src/ros_stereo.cc.o[0m
[35m[1mScanning dependencies of target RGBD[0m
[ 56%] [32mBuilding CXX object CMakeFiles/RGBD.dir/src/ros_rgbd.cc.o[0m
[ 62%] [32mBuilding CXX object CMakeFiles/RGBD.dir/src/ROSPublisher.cpp.o[0m
[ 68%] [32mBuilding CXX object CMakeFiles/Stereo.dir/src/ROSPublisher.cpp.o[0m
[35m[1mScanning dependencies of target orb_slam2_ros_generate_messages[0m
[ 68%] Built target orb_slam2_ros_generate_messages
[35m[1mScanning dependencies of target Mono[0m
[ 75%] [32mBuilding CXX object CMakeFiles/Mono.dir/src/ros_mono.cc.o[0m
[ 81%] [32mBuilding CXX object CMakeFiles/Mono.dir/src/ROSPublisher.cpp.o[0m
In file included from [01m[K/home/fayoumi/aam_carto_ws/src/ORB_SLAM2/orb_slam2_ros/src/ROSPublisher.cpp:5:0[m[K:
[01m[K/home/fayoumi/aam_carto_ws/src/ORB_SLAM2/orb_slam2_ros/src/ROSPublisher.h:[m[K In constructor ‘[01m[KROSPublisher::ROSPublisher(ORB_SLAM2::Map*, double, ros::NodeHandle)[m[K’:
[01m[K/home/fayoumi/aam_carto_ws/src/ORB_SLAM2/orb_slam2_ros/src/ROSPublisher.h:100:9:[m[K [01;35m[Kwarning: [m[K‘[01m[KROSPublisher::pointcloud_chunks_stashed_[m[K’ will be initialized after [-Wreorder]
     int pointcloud_chunks_stashed_;
[01;32m[K         ^[m[K
[01m[K/home/fayoumi/aam_carto_ws/src/ORB_SLAM2/orb_slam2_ros/src/ROSPublisher.h:85:10:[m[K [01;35m[Kwarning: [m[K  ‘[01m[Kbool ROSPublisher::localization_mode_[m[K’ [-Wreorder]
     bool localization_mode_;
[01;32m[K          ^[m[K
[01m[K/home/fayoumi/aam_carto_ws/src/ORB_SLAM2/orb_slam2_ros/src/ROSPublisher.cpp:164:1:[m[K [01;35m[Kwarning: [m[K  when initialized here [-Wreorder]
 ROSPublisher::ROSPublisher(Map *map, double frequency, ros::NodeHandle nh) :
[01;32m[K ^[m[K
In file included from [01m[K/home/fayoumi/aam_carto_ws/src/ORB_SLAM2/orb_slam2_ros/src/ROSPublisher.cpp:5:0[m[K:
[01m[K/home/fayoumi/aam_carto_ws/src/ORB_SLAM2/orb_slam2_ros/src/ROSPublisher.h:85:10:[m[K [01;35m[Kwarning: [m[K‘[01m[KROSPublisher::localization_mode_[m[K’ will be initialized after [-Wreorder]
     bool localization_mode_;
[01;32m[K          ^[m[K
[01m[K/home/fayoumi/aam_carto_ws/src/ORB_SLAM2/orb_slam2_ros/src/ROSPublisher.h:84:9:[m[K [01;35m[Kwarning: [m[K  ‘[01m[Kint ROSPublisher::prev_closes_[m[K’ [-Wreorder]
     int prev_closes_;
[01;32m[K         ^[m[K
[01m[K/home/fayoumi/aam_carto_ws/src/ORB_SLAM2/orb_slam2_ros/src/ROSPublisher.cpp:164:1:[m[K [01;35m[Kwarning: [m[K  when initialized here [-Wreorder]
 ROSPublisher::ROSPublisher(Map *map, double frequency, ros::NodeHandle nh) :
[01;32m[K ^[m[K
In file included from [01m[K/home/fayoumi/aam_carto_ws/src/ORB_SLAM2/orb_slam2_ros/src/ROSPublisher.cpp:5:0[m[K:
[01m[K/home/fayoumi/aam_carto_ws/src/ORB_SLAM2/orb_slam2_ros/src/ROSPublisher.h:[m[K In constructor ‘[01m[KROSPublisher::ROSPublisher(ORB_SLAM2::Map*, double, ros::NodeHandle)[m[K’:
[01m[K/home/fayoumi/aam_carto_ws/src/ORB_SLAM2/orb_slam2_ros/src/ROSPublisher.h:100:9:[m[K [01;35m[Kwarning: [m[K‘[01m[KROSPublisher::pointcloud_chunks_stashed_[m[K’ will be initialized after [-Wreorder]
     int pointcloud_chunks_stashed_;
[01;32m[K         ^[m[K
[01m[K/home/fayoumi/aam_carto_ws/src/ORB_SLAM2/orb_slam2_ros/src/ROSPublisher.h:85:10:[m[K [01;35m[Kwarning: [m[K  ‘[01m[Kbool ROSPublisher::localization_mode_[m[K’ [-Wreorder]
     bool localization_mode_;
[01;32m[K          ^[m[K
[01m[K/home/fayoumi/aam_carto_ws/src/ORB_SLAM2/orb_slam2_ros/src/ROSPublisher.cpp:164:1:[m[K [01;35m[Kwarning: [m[K  when initialized here [-Wreorder]
 ROSPublisher::ROSPublisher(Map *map, double frequency, ros::NodeHandle nh) :
[01;32m[K ^[m[K
In file included from [01m[K/home/fayoumi/aam_carto_ws/src/ORB_SLAM2/orb_slam2_ros/src/ROSPublisher.cpp:5:0[m[K:
[01m[K/home/fayoumi/aam_carto_ws/src/ORB_SLAM2/orb_slam2_ros/src/ROSPublisher.h:85:10:[m[K [01;35m[Kwarning: [m[K‘[01m[KROSPublisher::localization_mode_[m[K’ will be initialized after [-Wreorder]
     bool localization_mode_;
[01;32m[K          ^[m[K
[01m[K/home/fayoumi/aam_carto_ws/src/ORB_SLAM2/orb_slam2_ros/src/ROSPublisher.h:84:9:[m[K [01;35m[Kwarning: [m[K  ‘[01m[Kint ROSPublisher::prev_closes_[m[K’ [-Wreorder]
     int prev_closes_;
[01;32m[K         ^[m[K
[01m[K/home/fayoumi/aam_carto_ws/src/ORB_SLAM2/orb_slam2_ros/src/ROSPublisher.cpp:164:1:[m[K [01;35m[Kwarning: [m[K  when initialized here [-Wreorder]
 ROSPublisher::ROSPublisher(Map *map, double frequency, ros::NodeHandle nh) :
[01;32m[K ^[m[K
In file included from [01m[K/home/fayoumi/aam_carto_ws/src/ORB_SLAM2/orb_slam2_ros/src/ROSPublisher.cpp:5:0[m[K:
[01m[K/home/fayoumi/aam_carto_ws/src/ORB_SLAM2/orb_slam2_ros/src/ROSPublisher.h:[m[K In constructor ‘[01m[KROSPublisher::ROSPublisher(ORB_SLAM2::Map*, double, ros::NodeHandle)[m[K’:
[01m[K/home/fayoumi/aam_carto_ws/src/ORB_SLAM2/orb_slam2_ros/src/ROSPublisher.h:100:9:[m[K [01;35m[Kwarning: [m[K‘[01m[KROSPublisher::pointcloud_chunks_stashed_[m[K’ will be initialized after [-Wreorder]
     int pointcloud_chunks_stashed_;
[01;32m[K         ^[m[K
[01m[K/home/fayoumi/aam_carto_ws/src/ORB_SLAM2/orb_slam2_ros/src/ROSPublisher.h:85:10:[m[K [01;35m[Kwarning: [m[K  ‘[01m[Kbool ROSPublisher::localization_mode_[m[K’ [-Wreorder]
     bool localization_mode_;
[01;32m[K          ^[m[K
[01m[K/home/fayoumi/aam_carto_ws/src/ORB_SLAM2/orb_slam2_ros/src/ROSPublisher.cpp:164:1:[m[K [01;35m[Kwarning: [m[K  when initialized here [-Wreorder]
 ROSPublisher::ROSPublisher(Map *map, double frequency, ros::NodeHandle nh) :
[01;32m[K ^[m[K
In file included from [01m[K/home/fayoumi/aam_carto_ws/src/ORB_SLAM2/orb_slam2_ros/src/ROSPublisher.cpp:5:0[m[K:
[01m[K/home/fayoumi/aam_carto_ws/src/ORB_SLAM2/orb_slam2_ros/src/ROSPublisher.h:85:10:[m[K [01;35m[Kwarning: [m[K‘[01m[KROSPublisher::localization_mode_[m[K’ will be initialized after [-Wreorder]
     bool localization_mode_;
[01;32m[K          ^[m[K
[01m[K/home/fayoumi/aam_carto_ws/src/ORB_SLAM2/orb_slam2_ros/src/ROSPublisher.h:84:9:[m[K [01;35m[Kwarning: [m[K  ‘[01m[Kint ROSPublisher::prev_closes_[m[K’ [-Wreorder]
     int prev_closes_;
[01;32m[K         ^[m[K
[01m[K/home/fayoumi/aam_carto_ws/src/ORB_SLAM2/orb_slam2_ros/src/ROSPublisher.cpp:164:1:[m[K [01;35m[Kwarning: [m[K  when initialized here [-Wreorder]
 ROSPublisher::ROSPublisher(Map *map, double frequency, ros::NodeHandle nh) :
[01;32m[K ^[m[K
[ 87%] [32m[1mLinking CXX executable /home/fayoumi/aam_carto_ws/devel/.private/orb_slam2_ros/lib/orb_slam2_ros/Stereo[0m
[ 93%] [32m[1mLinking CXX executable /home/fayoumi/aam_carto_ws/devel/.private/orb_slam2_ros/lib/orb_slam2_ros/RGBD[0m
[100%] [32m[1mLinking CXX executable /home/fayoumi/aam_carto_ws/devel/.private/orb_slam2_ros/lib/orb_slam2_ros/Mono[0m
[100%] Built target RGBD
[100%] Built target Mono
[100%] Built target Stereo
