Symlinking /home/fayoumi/aam_carto_ws/devel/lib/orb_slam2_ros/Stereo
Symlinking /home/fayoumi/aam_carto_ws/devel/lib/orb_slam2_ros/RGBD
Symlinking /home/fayoumi/aam_carto_ws/devel/lib/orb_slam2_ros/Mono
Symlinking /home/fayoumi/aam_carto_ws/devel/lib/python2.7/dist-packages/orb_slam2_ros/__init__.py
Symlinking /home/fayoumi/aam_carto_ws/devel/lib/python2.7/dist-packages/orb_slam2_ros/msg/_ORBState.py
Symlinking /home/fayoumi/aam_carto_ws/devel/lib/python2.7/dist-packages/orb_slam2_ros/msg/__init__.py
Symlinking /home/fayoumi/aam_carto_ws/devel/lib/pkgconfig/orb_slam2_ros.pc
Symlinking /home/fayoumi/aam_carto_ws/devel/share/orb_slam2_ros/cmake/orb_slam2_ros-msg-paths.cmake
Symlinking /home/fayoumi/aam_carto_ws/devel/share/orb_slam2_ros/cmake/orb_slam2_ros-msg-extras.cmake
Symlinking /home/fayoumi/aam_carto_ws/devel/share/orb_slam2_ros/cmake/orb_slam2_rosConfig.cmake
Symlinking /home/fayoumi/aam_carto_ws/devel/share/orb_slam2_ros/cmake/orb_slam2_rosConfig-version.cmake
Symlinking /home/fayoumi/aam_carto_ws/devel/share/common-lisp/ros/orb_slam2_ros/msg/_package.lisp
Symlinking /home/fayoumi/aam_carto_ws/devel/share/common-lisp/ros/orb_slam2_ros/msg/_package_ORBState.lisp
Symlinking /home/fayoumi/aam_carto_ws/devel/share/common-lisp/ros/orb_slam2_ros/msg/ORBState.lisp
Symlinking /home/fayoumi/aam_carto_ws/devel/share/common-lisp/ros/orb_slam2_ros/msg/orb_slam2_ros-msg.asd
Symlinking /home/fayoumi/aam_carto_ws/devel/share/gennodejs/ros/orb_slam2_ros/_index.js
Symlinking /home/fayoumi/aam_carto_ws/devel/share/gennodejs/ros/orb_slam2_ros/msg/_index.js
Symlinking /home/fayoumi/aam_carto_ws/devel/share/gennodejs/ros/orb_slam2_ros/msg/ORBState.js
Symlinking /home/fayoumi/aam_carto_ws/devel/share/roseus/ros/orb_slam2_ros/manifest.l
Symlinking /home/fayoumi/aam_carto_ws/devel/share/roseus/ros/orb_slam2_ros/msg/ORBState.l
Symlinking /home/fayoumi/aam_carto_ws/devel/include/orb_slam2_ros/ORBState.h
