Determining if the pthread_create exist failed with the following output:
Change Dir: /home/youssef/Desktop/aam/aamfsd_orb2_v3_ws/build/CMakeFiles/CMakeTmp

Run Build Command:"/usr/bin/make" "cmTC_59505/fast"
/usr/bin/make -f CMakeFiles/cmTC_59505.dir/build.make CMakeFiles/cmTC_59505.dir/build
make[1]: Entering directory '/home/youssef/Desktop/aam/aamfsd_orb2_v3_ws/build/CMakeFiles/CMakeTmp'
Building C object CMakeFiles/cmTC_59505.dir/CheckSymbolExists.c.o
/usr/bin/cc    -o CMakeFiles/cmTC_59505.dir/CheckSymbolExists.c.o   -c /home/youssef/Desktop/aam/aamfsd_orb2_v3_ws/build/CMakeFiles/CMakeTmp/CheckSymbolExists.c
Linking C executable cmTC_59505
/usr/bin/cmake -E cmake_link_script CMakeFiles/cmTC_59505.dir/link.txt --verbose=1
/usr/bin/cc      -rdynamic CMakeFiles/cmTC_59505.dir/CheckSymbolExists.c.o  -o cmTC_59505 
CMakeFiles/cmTC_59505.dir/CheckSymbolExists.c.o: In function `main':
CheckSymbolExists.c:(.text+0x1b): undefined reference to `pthread_create'
collect2: error: ld returned 1 exit status
CMakeFiles/cmTC_59505.dir/build.make:97: recipe for target 'cmTC_59505' failed
make[1]: *** [cmTC_59505] Error 1
make[1]: Leaving directory '/home/youssef/Desktop/aam/aamfsd_orb2_v3_ws/build/CMakeFiles/CMakeTmp'
Makefile:126: recipe for target 'cmTC_59505/fast' failed
make: *** [cmTC_59505/fast] Error 2

File /home/youssef/Desktop/aam/aamfsd_orb2_v3_ws/build/CMakeFiles/CMakeTmp/CheckSymbolExists.c:
/* */
#include <pthread.h>

int main(int argc, char** argv)
{
  (void)argv;
#ifndef pthread_create
  return ((int*)(&pthread_create))[argc];
#else
  (void)argc;
  return 0;
#endif
}

Determining if the function pthread_create exists in the pthreads failed with the following output:
Change Dir: /home/youssef/Desktop/aam/aamfsd_orb2_v3_ws/build/CMakeFiles/CMakeTmp

Run Build Command:"/usr/bin/make" "cmTC_eeabd/fast"
/usr/bin/make -f CMakeFiles/cmTC_eeabd.dir/build.make CMakeFiles/cmTC_eeabd.dir/build
make[1]: Entering directory '/home/youssef/Desktop/aam/aamfsd_orb2_v3_ws/build/CMakeFiles/CMakeTmp'
Building C object CMakeFiles/cmTC_eeabd.dir/CheckFunctionExists.c.o
/usr/bin/cc   -DCHECK_FUNCTION_EXISTS=pthread_create   -o CMakeFiles/cmTC_eeabd.dir/CheckFunctionExists.c.o   -c /usr/share/cmake-3.10/Modules/CheckFunctionExists.c
Linking C executable cmTC_eeabd
/usr/bin/cmake -E cmake_link_script CMakeFiles/cmTC_eeabd.dir/link.txt --verbose=1
/usr/bin/cc  -DCHECK_FUNCTION_EXISTS=pthread_create    -rdynamic CMakeFiles/cmTC_eeabd.dir/CheckFunctionExists.c.o  -o cmTC_eeabd -lpthreads 
/usr/bin/ld: cannot find -lpthreads
collect2: error: ld returned 1 exit status
CMakeFiles/cmTC_eeabd.dir/build.make:97: recipe for target 'cmTC_eeabd' failed
make[1]: *** [cmTC_eeabd] Error 1
make[1]: Leaving directory '/home/youssef/Desktop/aam/aamfsd_orb2_v3_ws/build/CMakeFiles/CMakeTmp'
Makefile:126: recipe for target 'cmTC_eeabd/fast' failed
make: *** [cmTC_eeabd/fast] Error 2


