Determining if the pthread_create exist failed with the following output:
Change Dir: /home/fayo98/aam_driverless-ai/build/aamfsd_gazebo/CMakeFiles/CMakeTmp

Run Build Command:"/usr/bin/make" "cmTC_2ded3/fast"
/usr/bin/make -f CMakeFiles/cmTC_2ded3.dir/build.make CMakeFiles/cmTC_2ded3.dir/build
make[1]: Entering directory '/home/fayo98/aam_driverless-ai/build/aamfsd_gazebo/CMakeFiles/CMakeTmp'
Building C object CMakeFiles/cmTC_2ded3.dir/CheckSymbolExists.c.o
/usr/bin/cc     -o CMakeFiles/cmTC_2ded3.dir/CheckSymbolExists.c.o   -c /home/fayo98/aam_driverless-ai/build/aamfsd_gazebo/CMakeFiles/CMakeTmp/CheckSymbolExists.c
Linking C executable cmTC_2ded3
/usr/bin/cmake -E cmake_link_script CMakeFiles/cmTC_2ded3.dir/link.txt --verbose=1
/usr/bin/cc       CMakeFiles/cmTC_2ded3.dir/CheckSymbolExists.c.o  -o cmTC_2ded3 -rdynamic 
CMakeFiles/cmTC_2ded3.dir/CheckSymbolExists.c.o: In function `main':
CheckSymbolExists.c:(.text+0x16): undefined reference to `pthread_create'
collect2: error: ld returned 1 exit status
CMakeFiles/cmTC_2ded3.dir/build.make:97: recipe for target 'cmTC_2ded3' failed
make[1]: *** [cmTC_2ded3] Error 1
make[1]: Leaving directory '/home/fayo98/aam_driverless-ai/build/aamfsd_gazebo/CMakeFiles/CMakeTmp'
Makefile:126: recipe for target 'cmTC_2ded3/fast' failed
make: *** [cmTC_2ded3/fast] Error 2

File /home/fayo98/aam_driverless-ai/build/aamfsd_gazebo/CMakeFiles/CMakeTmp/CheckSymbolExists.c:
/* */
#include <pthread.h>

int main(int argc, char** argv)
{
  (void)argv;
#ifndef pthread_create
  return ((int*)(&pthread_create))[argc];
#else
  (void)argc;
  return 0;
#endif
}

Determining if the function pthread_create exists in the pthreads failed with the following output:
Change Dir: /home/fayo98/aam_driverless-ai/build/aamfsd_gazebo/CMakeFiles/CMakeTmp

Run Build Command:"/usr/bin/make" "cmTC_83329/fast"
/usr/bin/make -f CMakeFiles/cmTC_83329.dir/build.make CMakeFiles/cmTC_83329.dir/build
make[1]: Entering directory '/home/fayo98/aam_driverless-ai/build/aamfsd_gazebo/CMakeFiles/CMakeTmp'
Building C object CMakeFiles/cmTC_83329.dir/CheckFunctionExists.c.o
/usr/bin/cc    -DCHECK_FUNCTION_EXISTS=pthread_create   -o CMakeFiles/cmTC_83329.dir/CheckFunctionExists.c.o   -c /usr/share/cmake-3.5/Modules/CheckFunctionExists.c
Linking C executable cmTC_83329
/usr/bin/cmake -E cmake_link_script CMakeFiles/cmTC_83329.dir/link.txt --verbose=1
/usr/bin/cc   -DCHECK_FUNCTION_EXISTS=pthread_create    CMakeFiles/cmTC_83329.dir/CheckFunctionExists.c.o  -o cmTC_83329 -rdynamic -lpthreads 
/usr/bin/ld: cannot find -lpthreads
collect2: error: ld returned 1 exit status
CMakeFiles/cmTC_83329.dir/build.make:97: recipe for target 'cmTC_83329' failed
make[1]: *** [cmTC_83329] Error 1
make[1]: Leaving directory '/home/fayo98/aam_driverless-ai/build/aamfsd_gazebo/CMakeFiles/CMakeTmp'
Makefile:126: recipe for target 'cmTC_83329/fast' failed
make: *** [cmTC_83329/fast] Error 2


