[35m[1mScanning dependencies of target DBoW2[0m
[35m[1mScanning dependencies of target g2o[0m
[  1%] [32mBuilding CXX object Thirdparty/DBoW2/CMakeFiles/DBoW2.dir/DBoW2/BowVector.cpp.o[0m
[  3%] [32mBuilding CXX object Thirdparty/DBoW2/CMakeFiles/DBoW2.dir/DBoW2/FeatureVector.cpp.o[0m
[  5%] [32mBuilding CXX object Thirdparty/DBoW2/CMakeFiles/DBoW2.dir/DBoW2/FORB.cpp.o[0m
[  6%] [32mBuilding CXX object Thirdparty/g2o/CMakeFiles/g2o.dir/g2o/types/types_sba.cpp.o[0m
[  8%] [32mBuilding CXX object Thirdparty/DBoW2/CMakeFiles/DBoW2.dir/DBoW2/ScoringObject.cpp.o[0m
[ 10%] [32mBuilding CXX object Thirdparty/DBoW2/CMakeFiles/DBoW2.dir/DUtils/Random.cpp.o[0m
[ 12%] [32mBuilding CXX object Thirdparty/DBoW2/CMakeFiles/DBoW2.dir/DUtils/Timestamp.cpp.o[0m
[ 13%] [32m[1mLinking CXX shared library /home/fayoumi/aam_carto_ws/src/ORB_SLAM2/orb_slam2_lib/Thirdparty/DBoW2/lib/libDBoW2.so[0m
[ 13%] Built target DBoW2
[ 15%] [32mBuilding CXX object Thirdparty/g2o/CMakeFiles/g2o.dir/g2o/types/types_six_dof_expmap.cpp.o[0m
[ 17%] [32mBuilding CXX object Thirdparty/g2o/CMakeFiles/g2o.dir/g2o/types/types_seven_dof_expmap.cpp.o[0m
[ 18%] [32mBuilding CXX object Thirdparty/g2o/CMakeFiles/g2o.dir/g2o/core/hyper_graph_action.cpp.o[0m
[ 20%] [32mBuilding CXX object Thirdparty/g2o/CMakeFiles/g2o.dir/g2o/core/hyper_graph.cpp.o[0m
[ 22%] [32mBuilding CXX object Thirdparty/g2o/CMakeFiles/g2o.dir/g2o/core/marginal_covariance_cholesky.cpp.o[0m
[ 24%] [32mBuilding CXX object Thirdparty/g2o/CMakeFiles/g2o.dir/g2o/core/matrix_structure.cpp.o[0m
[ 25%] [32mBuilding CXX object Thirdparty/g2o/CMakeFiles/g2o.dir/g2o/core/batch_stats.cpp.o[0m
[ 27%] [32mBuilding CXX object Thirdparty/g2o/CMakeFiles/g2o.dir/g2o/core/parameter.cpp.o[0m
[ 29%] [32mBuilding CXX object Thirdparty/g2o/CMakeFiles/g2o.dir/g2o/core/cache.cpp.o[0m
[ 31%] [32mBuilding CXX object Thirdparty/g2o/CMakeFiles/g2o.dir/g2o/core/optimizable_graph.cpp.o[0m
[ 32%] [32mBuilding CXX object Thirdparty/g2o/CMakeFiles/g2o.dir/g2o/core/solver.cpp.o[0m
[ 34%] [32mBuilding CXX object Thirdparty/g2o/CMakeFiles/g2o.dir/g2o/core/optimization_algorithm_factory.cpp.o[0m
[ 36%] [32mBuilding CXX object Thirdparty/g2o/CMakeFiles/g2o.dir/g2o/core/estimate_propagator.cpp.o[0m
[ 37%] [32mBuilding CXX object Thirdparty/g2o/CMakeFiles/g2o.dir/g2o/core/factory.cpp.o[0m
[ 39%] [32mBuilding CXX object Thirdparty/g2o/CMakeFiles/g2o.dir/g2o/core/sparse_optimizer.cpp.o[0m
[ 41%] [32mBuilding CXX object Thirdparty/g2o/CMakeFiles/g2o.dir/g2o/core/hyper_dijkstra.cpp.o[0m
[ 43%] [32mBuilding CXX object Thirdparty/g2o/CMakeFiles/g2o.dir/g2o/core/parameter_container.cpp.o[0m
[ 44%] [32mBuilding CXX object Thirdparty/g2o/CMakeFiles/g2o.dir/g2o/core/optimization_algorithm.cpp.o[0m
[ 46%] [32mBuilding CXX object Thirdparty/g2o/CMakeFiles/g2o.dir/g2o/core/optimization_algorithm_with_hessian.cpp.o[0m
[ 48%] [32mBuilding CXX object Thirdparty/g2o/CMakeFiles/g2o.dir/g2o/core/optimization_algorithm_levenberg.cpp.o[0m
[ 50%] [32mBuilding CXX object Thirdparty/g2o/CMakeFiles/g2o.dir/g2o/core/jacobian_workspace.cpp.o[0m
[ 51%] [32mBuilding CXX object Thirdparty/g2o/CMakeFiles/g2o.dir/g2o/core/robust_kernel.cpp.o[0m
[ 53%] [32mBuilding CXX object Thirdparty/g2o/CMakeFiles/g2o.dir/g2o/core/robust_kernel_factory.cpp.o[0m
[ 55%] [32mBuilding CXX object Thirdparty/g2o/CMakeFiles/g2o.dir/g2o/core/robust_kernel_impl.cpp.o[0m
[ 56%] [32mBuilding CXX object Thirdparty/g2o/CMakeFiles/g2o.dir/g2o/stuff/timeutil.cpp.o[0m
[ 58%] [32mBuilding C object Thirdparty/g2o/CMakeFiles/g2o.dir/g2o/stuff/os_specific.c.o[0m
[ 60%] [32mBuilding CXX object Thirdparty/g2o/CMakeFiles/g2o.dir/g2o/stuff/string_tools.cpp.o[0m
[ 62%] [32mBuilding CXX object Thirdparty/g2o/CMakeFiles/g2o.dir/g2o/stuff/property.cpp.o[0m
[ 63%] [32m[1mLinking CXX shared library /home/fayoumi/aam_carto_ws/src/ORB_SLAM2/orb_slam2_lib/Thirdparty/g2o/lib/libg2o.so[0m
[ 63%] Built target g2o
[35m[1mScanning dependencies of target orb_slam2_lib[0m
[ 65%] [32mBuilding CXX object CMakeFiles/orb_slam2_lib.dir/src/System.cc.o[0m
[ 67%] [32mBuilding CXX object CMakeFiles/orb_slam2_lib.dir/src/Tracking.cc.o[0m
[ 68%] [32mBuilding CXX object CMakeFiles/orb_slam2_lib.dir/src/LocalMapping.cc.o[0m
[ 70%] [32mBuilding CXX object CMakeFiles/orb_slam2_lib.dir/src/LoopClosing.cc.o[0m
In file included from [01m[K/home/fayoumi/aam_carto_ws/src/ORB_SLAM2/orb_slam2_lib/src/LoopClosing.cc:21:0[m[K:
[01m[K/home/fayoumi/aam_carto_ws/src/ORB_SLAM2/orb_slam2_lib/include/LoopClosing.h:[m[K In constructor ‘[01m[KORB_SLAM2::LoopClosing::LoopClosing(ORB_SLAM2::Map*, ORB_SLAM2::KeyFrameDatabase*, ORB_SLAM2::ORBVocabulary*, bool)[m[K’:
[01m[K/home/fayoumi/aam_carto_ws/src/ORB_SLAM2/orb_slam2_lib/include/LoopClosing.h:150:10:[m[K [01;35m[Kwarning: [m[K‘[01m[KORB_SLAM2::LoopClosing::mnFullBAIdx[m[K’ will be initialized after [-Wreorder]
     bool mnFullBAIdx;
[01;32m[K          ^[m[K
[01m[K/home/fayoumi/aam_carto_ws/src/ORB_SLAM2/orb_slam2_lib/include/LoopClosing.h:54:9:[m[K [01;35m[Kwarning: [m[K  ‘[01m[Kint ORB_SLAM2::LoopClosing::closes[m[K’ [-Wreorder]
     int closes;
[01;32m[K         ^[m[K
[01m[K/home/fayoumi/aam_carto_ws/src/ORB_SLAM2/orb_slam2_lib/src/LoopClosing.cc:39:1:[m[K [01;35m[Kwarning: [m[K  when initialized here [-Wreorder]
 LoopClosing::LoopClosing(Map *pMap, KeyFrameDatabase *pDB, ORBVocabulary *pVoc, const bool bFixScale):
[01;32m[K ^[m[K
[ 72%] [32mBuilding CXX object CMakeFiles/orb_slam2_lib.dir/src/ORBextractor.cc.o[0m
[ 74%] [32mBuilding CXX object CMakeFiles/orb_slam2_lib.dir/src/ORBmatcher.cc.o[0m
[ 75%] [32mBuilding CXX object CMakeFiles/orb_slam2_lib.dir/src/FrameDrawer.cc.o[0m
[ 77%] [32mBuilding CXX object CMakeFiles/orb_slam2_lib.dir/src/Converter.cc.o[0m
[ 79%] [32mBuilding CXX object CMakeFiles/orb_slam2_lib.dir/src/MapPoint.cc.o[0m
[ 81%] [32mBuilding CXX object CMakeFiles/orb_slam2_lib.dir/src/KeyFrame.cc.o[0m
[ 82%] [32mBuilding CXX object CMakeFiles/orb_slam2_lib.dir/src/Map.cc.o[0m
[ 84%] [32mBuilding CXX object CMakeFiles/orb_slam2_lib.dir/src/IMapPublisher.cc.o[0m
[ 86%] [32mBuilding CXX object CMakeFiles/orb_slam2_lib.dir/src/DefaultImpls.cc.o[0m
[ 87%] [32mBuilding CXX object CMakeFiles/orb_slam2_lib.dir/src/IPublisherThread.cc.o[0m
[ 89%] [32mBuilding CXX object CMakeFiles/orb_slam2_lib.dir/src/Optimizer.cc.o[0m
[ 91%] [32mBuilding CXX object CMakeFiles/orb_slam2_lib.dir/src/PnPsolver.cc.o[0m
[ 93%] [32mBuilding CXX object CMakeFiles/orb_slam2_lib.dir/src/Frame.cc.o[0m
[ 94%] [32mBuilding CXX object CMakeFiles/orb_slam2_lib.dir/src/KeyFrameDatabase.cc.o[0m
[ 96%] [32mBuilding CXX object CMakeFiles/orb_slam2_lib.dir/src/Sim3Solver.cc.o[0m
[ 98%] [32mBuilding CXX object CMakeFiles/orb_slam2_lib.dir/src/Initializer.cc.o[0m
[100%] [32m[1mLinking CXX shared library /home/fayoumi/aam_carto_ws/devel/.private/orb_slam2_lib/lib/liborb_slam2_lib.so[0m
[100%] Built target orb_slam2_lib
