Determining if the pthread_create exist failed with the following output:
Change Dir: /home/fayoumi/aam_carto_ws/build/cartographer_aam/CMakeFiles/CMakeTmp

Run Build Command:"/usr/bin/make" "cmTC_68f05/fast"
/usr/bin/make -f CMakeFiles/cmTC_68f05.dir/build.make CMakeFiles/cmTC_68f05.dir/build
make[1]: Entering directory '/home/fayoumi/aam_carto_ws/build/cartographer_aam/CMakeFiles/CMakeTmp'
Building C object CMakeFiles/cmTC_68f05.dir/CheckSymbolExists.c.o
/usr/bin/cc     -o CMakeFiles/cmTC_68f05.dir/CheckSymbolExists.c.o   -c /home/fayoumi/aam_carto_ws/build/cartographer_aam/CMakeFiles/CMakeTmp/CheckSymbolExists.c
Linking C executable cmTC_68f05
/usr/bin/cmake -E cmake_link_script CMakeFiles/cmTC_68f05.dir/link.txt --verbose=1
/usr/bin/cc       CMakeFiles/cmTC_68f05.dir/CheckSymbolExists.c.o  -o cmTC_68f05 -rdynamic 
CMakeFiles/cmTC_68f05.dir/CheckSymbolExists.c.o: In function `main':
CheckSymbolExists.c:(.text+0x16): undefined reference to `pthread_create'
collect2: error: ld returned 1 exit status
CMakeFiles/cmTC_68f05.dir/build.make:97: recipe for target 'cmTC_68f05' failed
make[1]: *** [cmTC_68f05] Error 1
make[1]: Leaving directory '/home/fayoumi/aam_carto_ws/build/cartographer_aam/CMakeFiles/CMakeTmp'
Makefile:126: recipe for target 'cmTC_68f05/fast' failed
make: *** [cmTC_68f05/fast] Error 2

File /home/fayoumi/aam_carto_ws/build/cartographer_aam/CMakeFiles/CMakeTmp/CheckSymbolExists.c:
/* */
#include <pthread.h>

int main(int argc, char** argv)
{
  (void)argv;
#ifndef pthread_create
  return ((int*)(&pthread_create))[argc];
#else
  (void)argc;
  return 0;
#endif
}

Determining if the function pthread_create exists in the pthreads failed with the following output:
Change Dir: /home/fayoumi/aam_carto_ws/build/cartographer_aam/CMakeFiles/CMakeTmp

Run Build Command:"/usr/bin/make" "cmTC_6436a/fast"
/usr/bin/make -f CMakeFiles/cmTC_6436a.dir/build.make CMakeFiles/cmTC_6436a.dir/build
make[1]: Entering directory '/home/fayoumi/aam_carto_ws/build/cartographer_aam/CMakeFiles/CMakeTmp'
Building C object CMakeFiles/cmTC_6436a.dir/CheckFunctionExists.c.o
/usr/bin/cc    -DCHECK_FUNCTION_EXISTS=pthread_create   -o CMakeFiles/cmTC_6436a.dir/CheckFunctionExists.c.o   -c /usr/share/cmake-3.5/Modules/CheckFunctionExists.c
Linking C executable cmTC_6436a
/usr/bin/cmake -E cmake_link_script CMakeFiles/cmTC_6436a.dir/link.txt --verbose=1
/usr/bin/cc   -DCHECK_FUNCTION_EXISTS=pthread_create    CMakeFiles/cmTC_6436a.dir/CheckFunctionExists.c.o  -o cmTC_6436a -rdynamic -lpthreads 
/usr/bin/ld: cannot find -lpthreads
collect2: error: ld returned 1 exit status
CMakeFiles/cmTC_6436a.dir/build.make:97: recipe for target 'cmTC_6436a' failed
make[1]: *** [cmTC_6436a] Error 1
make[1]: Leaving directory '/home/fayoumi/aam_carto_ws/build/cartographer_aam/CMakeFiles/CMakeTmp'
Makefile:126: recipe for target 'cmTC_6436a/fast' failed
make: *** [cmTC_6436a/fast] Error 2


