Determining if the pthread_create exist failed with the following output:
Change Dir: /home/fayo98/aam_driverless-ai/build/octomap_msgs/CMakeFiles/CMakeTmp

Run Build Command:"/usr/bin/make" "cmTC_2208c/fast"
/usr/bin/make -f CMakeFiles/cmTC_2208c.dir/build.make CMakeFiles/cmTC_2208c.dir/build
make[1]: Entering directory '/home/fayo98/aam_driverless-ai/build/octomap_msgs/CMakeFiles/CMakeTmp'
Building C object CMakeFiles/cmTC_2208c.dir/CheckSymbolExists.c.o
/usr/bin/cc     -o CMakeFiles/cmTC_2208c.dir/CheckSymbolExists.c.o   -c /home/fayo98/aam_driverless-ai/build/octomap_msgs/CMakeFiles/CMakeTmp/CheckSymbolExists.c
Linking C executable cmTC_2208c
/usr/bin/cmake -E cmake_link_script CMakeFiles/cmTC_2208c.dir/link.txt --verbose=1
/usr/bin/cc       CMakeFiles/cmTC_2208c.dir/CheckSymbolExists.c.o  -o cmTC_2208c -rdynamic 
CMakeFiles/cmTC_2208c.dir/CheckSymbolExists.c.o: In function `main':
CheckSymbolExists.c:(.text+0x16): undefined reference to `pthread_create'
collect2: error: ld returned 1 exit status
CMakeFiles/cmTC_2208c.dir/build.make:97: recipe for target 'cmTC_2208c' failed
make[1]: *** [cmTC_2208c] Error 1
make[1]: Leaving directory '/home/fayo98/aam_driverless-ai/build/octomap_msgs/CMakeFiles/CMakeTmp'
Makefile:126: recipe for target 'cmTC_2208c/fast' failed
make: *** [cmTC_2208c/fast] Error 2

File /home/fayo98/aam_driverless-ai/build/octomap_msgs/CMakeFiles/CMakeTmp/CheckSymbolExists.c:
/* */
#include <pthread.h>

int main(int argc, char** argv)
{
  (void)argv;
#ifndef pthread_create
  return ((int*)(&pthread_create))[argc];
#else
  (void)argc;
  return 0;
#endif
}

Determining if the function pthread_create exists in the pthreads failed with the following output:
Change Dir: /home/fayo98/aam_driverless-ai/build/octomap_msgs/CMakeFiles/CMakeTmp

Run Build Command:"/usr/bin/make" "cmTC_7705d/fast"
/usr/bin/make -f CMakeFiles/cmTC_7705d.dir/build.make CMakeFiles/cmTC_7705d.dir/build
make[1]: Entering directory '/home/fayo98/aam_driverless-ai/build/octomap_msgs/CMakeFiles/CMakeTmp'
Building C object CMakeFiles/cmTC_7705d.dir/CheckFunctionExists.c.o
/usr/bin/cc    -DCHECK_FUNCTION_EXISTS=pthread_create   -o CMakeFiles/cmTC_7705d.dir/CheckFunctionExists.c.o   -c /usr/share/cmake-3.5/Modules/CheckFunctionExists.c
Linking C executable cmTC_7705d
/usr/bin/cmake -E cmake_link_script CMakeFiles/cmTC_7705d.dir/link.txt --verbose=1
/usr/bin/cc   -DCHECK_FUNCTION_EXISTS=pthread_create    CMakeFiles/cmTC_7705d.dir/CheckFunctionExists.c.o  -o cmTC_7705d -rdynamic -lpthreads 
/usr/bin/ld: cannot find -lpthreads
collect2: error: ld returned 1 exit status
CMakeFiles/cmTC_7705d.dir/build.make:97: recipe for target 'cmTC_7705d' failed
make[1]: *** [cmTC_7705d] Error 1
make[1]: Leaving directory '/home/fayo98/aam_driverless-ai/build/octomap_msgs/CMakeFiles/CMakeTmp'
Makefile:126: recipe for target 'cmTC_7705d/fast' failed
make: *** [cmTC_7705d/fast] Error 2


